
Showing logs for build [32mcb-kubecd-bdd-spring-1594003156-gqslm-1[0m stage [32mfrom-build-pack[0m and container [32mstep-credential-initializer-87j87[0m
{"level":"info","ts":1594004008.8680606,"logger":"fallback-logger","caller":"logging/config.go:69","msg":"Fetch GitHub commit ID from kodata failed: open /var/run/ko/refs/heads/0.8.0-ns-support: no such file or directory"}
{"level":"info","ts":1594004008.8688252,"logger":"fallback-logger","caller":"creds-init/main.go:40","msg":"Credentials initialized."}

Showing logs for build [32mcb-kubecd-bdd-spring-1594003156-gqslm-1[0m stage [32mfrom-build-pack[0m and container [32mstep-working-dir-initializer-kkj8s[0m
{"level":"info","ts":1594004009.8329666,"logger":"fallback-logger","caller":"logging/config.go:69","msg":"Fetch GitHub commit ID from kodata failed: open /var/run/ko/HEAD: no such file or directory"}
{"level":"info","ts":1594004009.8398602,"logger":"fallback-logger","caller":"bash/main.go:64","msg":"Successfully executed command \"sh -c mkdir -p /workspace/source\"; output "}

Showing logs for build [32mcb-kubecd-bdd-spring-1594003156-gqslm-1[0m stage [32mfrom-build-pack[0m and container [32mstep-place-tools[0m

Showing logs for build [32mcb-kubecd-bdd-spring-1594003156-gqslm-1[0m stage [32mfrom-build-pack[0m and container [32mstep-git-source-cb-kubecd-bdd-spring-1594003156-gqslm-4wf9j[0m
{"level":"info","ts":1594004016.8833144,"logger":"fallback-logger","caller":"logging/config.go:69","msg":"Fetch GitHub commit ID from kodata failed: open /var/run/ko/refs/heads/0.8.0-ns-support: no such file or directory"}
{"level":"info","ts":1594004018.0726316,"logger":"fallback-logger","caller":"git/git.go:103","msg":"Successfully cloned https://github.com/cb-kubecd/bdd-spring-1594003156.git @ master in path /workspace/source"}

Showing logs for build [32mcb-kubecd-bdd-spring-1594003156-gqslm-1[0m stage [32mfrom-build-pack[0m and container [32mstep-setup-builder-home[0m

Showing logs for build [32mcb-kubecd-bdd-spring-1594003156-gqslm-1[0m stage [32mfrom-build-pack[0m and container [32mstep-git-merge[0m
Using SHAs from PULL_REFS=master:2bab871fb327cfd91bed51290724e65fee199eb7,1:4c47b1fea57d0de62a17d7052a2d0cc73624ce45
DEBUG: LC_ALL=C JX_LOG_LEVEL=error git fetch origin --unshallow 4c47b1fea57d0de62a17d7052a2d0cc73624ce45: 2bab871fb327cfd91bed51290724e65fee199eb7:
DEBUG: ran git fetch --unshallow origin 4c47b1fea57d0de62a17d7052a2d0cc73624ce45: 2bab871fb327cfd91bed51290724e65fee199eb7: in 
DEBUG: JX_LOG_LEVEL=error LC_ALL=C git branch
DEBUG: LC_ALL=C JX_LOG_LEVEL=error git checkout master
DEBUG: ran git checkout master in 
DEBUG: LC_ALL=C JX_LOG_LEVEL=error git reset --hard 2bab871fb327cfd91bed51290724e65fee199eb7
DEBUG: ran git reset --hard 2bab871fb327cfd91bed51290724e65fee199eb7 in 
DEBUG: LC_ALL=C JX_LOG_LEVEL=error git clean -fd .
DEBUG: ran clean --force -d . in 
DEBUG: LC_ALL=C JX_LOG_LEVEL=error git merge 4c47b1fea57d0de62a17d7052a2d0cc73624ce45
DEBUG: ran git merge 4c47b1fea57d0de62a17d7052a2d0cc73624ce45 in 
DEBUG: LC_ALL=C JX_LOG_LEVEL=error git log --format=%H%x1f%an%x1f%ae%x1f%cn%x1f%ce%x1f%s%n%b%x1e 2bab871fb327cfd91bed51290724e65fee199eb7..HEAD
Merged SHA 4c47b1fea57d0de62a17d7052a2d0cc73624ce45 with commit message 'My first PR commit' into base branch master

Showing logs for build [32mcb-kubecd-bdd-spring-1594003156-gqslm-1[0m stage [32mfrom-build-pack[0m and container [32mstep-build-set-version[0m
Picked up _JAVA_OPTIONS: -XX:+UnlockExperimentalVMOptions -XX:+UseCGroupMemoryLimitForHeap -Dsun.zip.disableMemoryMapping=true -XX:+UseParallelGC -XX:MinHeapFreeRatio=5 -XX:MaxHeapFreeRatio=10 -XX:GCTimeRatio=4 -XX:AdaptiveSizePolicyWeight=90 -Xms10m -Xmx192m
OpenJDK 64-Bit Server VM warning: If the number of processors is expected to increase from one, then you should configure the number of parallel GC threads appropriately using -XX:ParallelGCThreads=N
[INFO] Scanning for projects...
[INFO] 
[INFO] -----------------< com.example:bdd-spring-1594003156 >------------------
[INFO] Building demo 0.0.1-SNAPSHOT
[INFO] --------------------------------[ jar ]---------------------------------
[INFO] 
[INFO] --- versions-maven-plugin:2.7:set (default-cli) @ bdd-spring-1594003156 ---
[INFO] Searching for local aggregator root...
[INFO] Local aggregation root: /workspace/source
[INFO] Processing change of com.example:bdd-spring-1594003156:0.0.1-SNAPSHOT -> 0.0.0-SNAPSHOT-PR-1-1
[INFO] Processing com.example:bdd-spring-1594003156
[INFO]     Updating project com.example:bdd-spring-1594003156
[INFO]         from version 0.0.1-SNAPSHOT to 0.0.0-SNAPSHOT-PR-1-1
[INFO] 
[INFO] ------------------------------------------------------------------------
[INFO] BUILD SUCCESS
[INFO] ------------------------------------------------------------------------
[INFO] Total time:  15.283 s
[INFO] Finished at: 2020-07-06T02:53:58Z
[INFO] ------------------------------------------------------------------------

Showing logs for build [32mcb-kubecd-bdd-spring-1594003156-gqslm-1[0m stage [32mfrom-build-pack[0m and container [32mstep-build-mvn-install[0m
Picked up _JAVA_OPTIONS: -XX:+UnlockExperimentalVMOptions -XX:+UseCGroupMemoryLimitForHeap -Dsun.zip.disableMemoryMapping=true -XX:+UseParallelGC -XX:MinHeapFreeRatio=5 -XX:MaxHeapFreeRatio=10 -XX:GCTimeRatio=4 -XX:AdaptiveSizePolicyWeight=90 -Xms10m -Xmx192m
OpenJDK 64-Bit Server VM warning: If the number of processors is expected to increase from one, then you should configure the number of parallel GC threads appropriately using -XX:ParallelGCThreads=N
[INFO] Scanning for projects...
[INFO] 
[INFO] -----------------< com.example:bdd-spring-1594003156 >------------------
[INFO] Building demo 0.0.0-SNAPSHOT-PR-1-1
[INFO] --------------------------------[ jar ]---------------------------------
[INFO] 
[INFO] --- maven-resources-plugin:3.1.0:resources (default-resources) @ bdd-spring-1594003156 ---
[INFO] Using 'UTF-8' encoding to copy filtered resources.
[INFO] Copying 1 resource
[INFO] Copying 0 resource
[INFO] 
[INFO] --- maven-compiler-plugin:3.8.1:compile (default-compile) @ bdd-spring-1594003156 ---
[INFO] Changes detected - recompiling the module!
[INFO] Compiling 1 source file to /workspace/source/target/classes
[INFO] 
[INFO] --- maven-resources-plugin:3.1.0:testResources (default-testResources) @ bdd-spring-1594003156 ---
[INFO] Using 'UTF-8' encoding to copy filtered resources.
[INFO] skip non existing resourceDirectory /workspace/source/src/test/resources
[INFO] 
[INFO] --- maven-compiler-plugin:3.8.1:testCompile (default-testCompile) @ bdd-spring-1594003156 ---
[INFO] Changes detected - recompiling the module!
[INFO] Compiling 1 source file to /workspace/source/target/test-classes
[INFO] 
[INFO] --- maven-surefire-plugin:3.0.0-M1:test (default-test) @ bdd-spring-1594003156 ---
[INFO] 
[INFO] -------------------------------------------------------
[INFO]  T E S T S
[INFO] -------------------------------------------------------
[INFO] Running com.example.bddspring1594003156.DemoApplicationTests
02:54:19.148 [main] DEBUG org.springframework.test.context.BootstrapUtils - Instantiating CacheAwareContextLoaderDelegate from class [org.springframework.test.context.cache.DefaultCacheAwareContextLoaderDelegate]
02:54:19.171 [main] DEBUG org.springframework.test.context.BootstrapUtils - Instantiating BootstrapContext using constructor [public org.springframework.test.context.support.DefaultBootstrapContext(java.lang.Class,org.springframework.test.context.CacheAwareContextLoaderDelegate)]
02:54:19.251 [main] DEBUG org.springframework.test.context.BootstrapUtils - Instantiating TestContextBootstrapper for test class [com.example.bddspring1594003156.DemoApplicationTests] from class [org.springframework.boot.test.context.SpringBootTestContextBootstrapper]
02:54:19.280 [main] INFO org.springframework.boot.test.context.SpringBootTestContextBootstrapper - Neither @ContextConfiguration nor @ContextHierarchy found for test class [com.example.bddspring1594003156.DemoApplicationTests], using SpringBootContextLoader
02:54:19.286 [main] DEBUG org.springframework.test.context.support.AbstractContextLoader - Did not detect default resource location for test class [com.example.bddspring1594003156.DemoApplicationTests]: class path resource [com/example/bddspring1594003156/DemoApplicationTests-context.xml] does not exist
02:54:19.286 [main] DEBUG org.springframework.test.context.support.AbstractContextLoader - Did not detect default resource location for test class [com.example.bddspring1594003156.DemoApplicationTests]: class path resource [com/example/bddspring1594003156/DemoApplicationTestsContext.groovy] does not exist
02:54:19.286 [main] INFO org.springframework.test.context.support.AbstractContextLoader - Could not detect default resource locations for test class [com.example.bddspring1594003156.DemoApplicationTests]: no resource found for suffixes {-context.xml, Context.groovy}.
02:54:19.332 [main] INFO org.springframework.test.context.support.AnnotationConfigContextLoaderUtils - Could not detect default configuration classes for test class [com.example.bddspring1594003156.DemoApplicationTests]: DemoApplicationTests does not declare any static, non-private, non-final, nested classes annotated with @Configuration.
02:54:19.461 [main] DEBUG org.springframework.test.context.support.ActiveProfilesUtils - Could not find an 'annotation declaring class' for annotation type [org.springframework.test.context.ActiveProfiles] and class [com.example.bddspring1594003156.DemoApplicationTests]
02:54:19.643 [main] DEBUG org.springframework.context.annotation.ClassPathScanningCandidateComponentProvider - Identified candidate component class: file [/workspace/source/target/classes/com/example/bddspring1594003156/DemoApplication.class]
02:54:19.645 [main] INFO org.springframework.boot.test.context.SpringBootTestContextBootstrapper - Found @SpringBootConfiguration com.example.bddspring1594003156.DemoApplication for test class com.example.bddspring1594003156.DemoApplicationTests
02:54:19.875 [main] DEBUG org.springframework.boot.test.context.SpringBootTestContextBootstrapper - @TestExecutionListeners is not present for class [com.example.bddspring1594003156.DemoApplicationTests]: using defaults.
02:54:19.880 [main] INFO org.springframework.boot.test.context.SpringBootTestContextBootstrapper - Loaded default TestExecutionListener class names from location [META-INF/spring.factories]: [org.springframework.boot.test.mock.mockito.MockitoTestExecutionListener, org.springframework.boot.test.mock.mockito.ResetMocksTestExecutionListener, org.springframework.boot.test.autoconfigure.restdocs.RestDocsTestExecutionListener, org.springframework.boot.test.autoconfigure.web.client.MockRestServiceServerResetTestExecutionListener, org.springframework.boot.test.autoconfigure.web.servlet.MockMvcPrintOnlyOnFailureTestExecutionListener, org.springframework.boot.test.autoconfigure.web.servlet.WebDriverTestExecutionListener, org.springframework.boot.test.autoconfigure.webservices.client.MockWebServiceServerTestExecutionListener, org.springframework.test.context.web.ServletTestExecutionListener, org.springframework.test.context.support.DirtiesContextBeforeModesTestExecutionListener, org.springframework.test.context.support.DependencyInjectionTestExecutionListener, org.springframework.test.context.support.DirtiesContextTestExecutionListener, org.springframework.test.context.transaction.TransactionalTestExecutionListener, org.springframework.test.context.jdbc.SqlScriptsTestExecutionListener, org.springframework.test.context.event.EventPublishingTestExecutionListener]
02:54:19.939 [main] DEBUG org.springframework.boot.test.context.SpringBootTestContextBootstrapper - Skipping candidate TestExecutionListener [org.springframework.test.context.transaction.TransactionalTestExecutionListener] due to a missing dependency. Specify custom listener classes or make the default listener classes and their required dependencies available. Offending class: [org/springframework/transaction/TransactionDefinition]
02:54:19.947 [main] DEBUG org.springframework.boot.test.context.SpringBootTestContextBootstrapper - Skipping candidate TestExecutionListener [org.springframework.test.context.jdbc.SqlScriptsTestExecutionListener] due to a missing dependency. Specify custom listener classes or make the default listener classes and their required dependencies available. Offending class: [org/springframework/transaction/interceptor/TransactionAttribute]
02:54:19.948 [main] INFO org.springframework.boot.test.context.SpringBootTestContextBootstrapper - Using TestExecutionListeners: [org.springframework.test.context.web.ServletTestExecutionListener@7133da86, org.springframework.test.context.support.DirtiesContextBeforeModesTestExecutionListener@3232a28a, org.springframework.boot.test.mock.mockito.MockitoTestExecutionListener@73e22a3d, org.springframework.boot.test.autoconfigure.SpringBootDependencyInjectionTestExecutionListener@47faa49c, org.springframework.test.context.support.DirtiesContextTestExecutionListener@28f2a10f, org.springframework.test.context.event.EventPublishingTestExecutionListener@f736069, org.springframework.boot.test.mock.mockito.ResetMocksTestExecutionListener@6da21078, org.springframework.boot.test.autoconfigure.restdocs.RestDocsTestExecutionListener@7fee8714, org.springframework.boot.test.autoconfigure.web.client.MockRestServiceServerResetTestExecutionListener@4229bb3f, org.springframework.boot.test.autoconfigure.web.servlet.MockMvcPrintOnlyOnFailureTestExecutionListener@56cdfb3b, org.springframework.boot.test.autoconfigure.web.servlet.WebDriverTestExecutionListener@2b91004a, org.springframework.boot.test.autoconfigure.webservices.client.MockWebServiceServerTestExecutionListener@20ccf40b]
02:54:19.965 [main] DEBUG org.springframework.test.context.support.AbstractDirtiesContextTestExecutionListener - Before test class: context [DefaultTestContext@6cd28fa7 testClass = DemoApplicationTests, testInstance = [null], testMethod = [null], testException = [null], mergedContextConfiguration = [WebMergedContextConfiguration@614ca7df testClass = DemoApplicationTests, locations = '{}', classes = '{class com.example.bddspring1594003156.DemoApplication}', contextInitializerClasses = '[]', activeProfiles = '{}', propertySourceLocations = '{}', propertySourceProperties = '{org.springframework.boot.test.context.SpringBootTestContextBootstrapper=true}', contextCustomizers = set[org.springframework.boot.test.context.filter.ExcludeFilterContextCustomizer@77167fb7, org.springframework.boot.test.json.DuplicateJsonObjectContextCustomizerFactory$DuplicateJsonObjectContextCustomizer@6973bf95, org.springframework.boot.test.mock.mockito.MockitoContextCustomizer@0, org.springframework.boot.test.web.client.TestRestTemplateContextCustomizer@6193932a, org.springframework.boot.test.autoconfigure.properties.PropertyMappingContextCustomizer@0, org.springframework.boot.test.autoconfigure.web.servlet.WebDriverContextCustomizerFactory$Customizer@20d28811, org.springframework.boot.test.context.SpringBootTestArgs@1], resourceBasePath = 'src/main/webapp', contextLoader = 'org.springframework.boot.test.context.SpringBootContextLoader', parent = [null]], attributes = map['org.springframework.test.context.web.ServletTestExecutionListener.activateListener' -> true]], class annotated with @DirtiesContext [false] with mode [null].
02:54:20.078 [main] DEBUG org.springframework.test.context.support.TestPropertySourceUtils - Adding inlined properties to environment: {spring.jmx.enabled=false, org.springframework.boot.test.context.SpringBootTestContextBootstrapper=true}

  .   ____          _            __ _ _
 /\\ / ___'_ __ _ _(_)_ __  __ _ \ \ \ \
( ( )\___ | '_ | '_| | '_ \/ _` | \ \ \ \
 \\/  ___)| |_)| | | | | || (_| |  ) ) ) )
  '  |____| .__|_| |_|_| |_\__, | / / / /
 =========|_|==============|___/=/_/_/_/
 :: Spring Boot ::        (v2.3.1.RELEASE)

2020-07-06 02:54:20.789  INFO 62 --- [           main] c.e.b.DemoApplicationTests               : Starting DemoApplicationTests on cb-kubecd-bdd-spring-1594003156-gqslm-1-from-build-pack-dgbtn-p with PID 62 (started by root in /workspace/source)
2020-07-06 02:54:20.792  INFO 62 --- [           main] c.e.b.DemoApplicationTests               : No active profile set, falling back to default profiles: default
2020-07-06 02:54:28.176  INFO 62 --- [           main] o.s.s.concurrent.ThreadPoolTaskExecutor  : Initializing ExecutorService 'applicationTaskExecutor'
2020-07-06 02:54:30.157  INFO 62 --- [           main] o.s.b.a.e.web.EndpointLinksResolver      : Exposing 2 endpoint(s) beneath base path '/actuator'
2020-07-06 02:54:30.855  INFO 62 --- [           main] c.e.b.DemoApplicationTests               : Started DemoApplicationTests in 10.71 seconds (JVM running for 13.591)
[INFO] Tests run: 1, Failures: 0, Errors: 0, Skipped: 0, Time elapsed: 12.716 s - in com.example.bddspring1594003156.DemoApplicationTests
2020-07-06 02:54:31.680  INFO 62 --- [extShutdownHook] o.s.s.concurrent.ThreadPoolTaskExecutor  : Shutting down ExecutorService 'applicationTaskExecutor'
[INFO] 
[INFO] Results:
[INFO] 
[INFO] Tests run: 1, Failures: 0, Errors: 0, Skipped: 0
[INFO] 
[INFO] 
[INFO] --- maven-jar-plugin:3.2.0:jar (default-jar) @ bdd-spring-1594003156 ---
[INFO] Building jar: /workspace/source/target/bdd-spring-1594003156-0.0.0-SNAPSHOT-PR-1-1.jar
[INFO] 
[INFO] --- spring-boot-maven-plugin:2.3.1.RELEASE:repackage (repackage) @ bdd-spring-1594003156 ---
[INFO] Replacing main artifact with repackaged archive
[INFO] 
[INFO] --- maven-install-plugin:2.5.2:install (default-install) @ bdd-spring-1594003156 ---
[INFO] Installing /workspace/source/target/bdd-spring-1594003156-0.0.0-SNAPSHOT-PR-1-1.jar to /home/jenkins/.mvnrepository/com/example/bdd-spring-1594003156/0.0.0-SNAPSHOT-PR-1-1/bdd-spring-1594003156-0.0.0-SNAPSHOT-PR-1-1.jar
[INFO] Installing /workspace/source/pom.xml to /home/jenkins/.mvnrepository/com/example/bdd-spring-1594003156/0.0.0-SNAPSHOT-PR-1-1/bdd-spring-1594003156-0.0.0-SNAPSHOT-PR-1-1.pom
[INFO] ------------------------------------------------------------------------
[INFO] BUILD SUCCESS
[INFO] ------------------------------------------------------------------------
[INFO] Total time:  33.987 s
[INFO] Finished at: 2020-07-06T02:54:36Z
[INFO] ------------------------------------------------------------------------

Showing logs for build [32mcb-kubecd-bdd-spring-1594003156-gqslm-1[0m stage [32mfrom-build-pack[0m and container [32mstep-build-skaffold-version[0m
v1.0.1

Showing logs for build [32mcb-kubecd-bdd-spring-1594003156-gqslm-1[0m stage [32mfrom-build-pack[0m and container [32mstep-build-container-build[0m
E0706 02:54:37.513439      11 aws_credentials.go:77] while getting AWS credentials NoCredentialProviders: no valid providers in chain. Deprecated.
	For verbose messaging see aws.Config.CredentialsChainVerboseErrors
[36mINFO[0m[0000] Using dockerignore file: /workspace/source/.dockerignore 
[36mINFO[0m[0000] Retrieving image manifest openjdk:8-jdk-slim 
E0706 02:54:37.851698      11 metadata.go:154] while reading 'google-dockercfg' metadata: http status code: 404 while fetching url http://metadata.google.internal./computeMetadata/v1/instance/attributes/google-dockercfg
E0706 02:54:37.854472      11 metadata.go:166] while reading 'google-dockercfg-url' metadata: http status code: 404 while fetching url http://metadata.google.internal./computeMetadata/v1/instance/attributes/google-dockercfg-url
[36mINFO[0m[0002] Retrieving image manifest openjdk:8-jdk-slim 
[36mINFO[0m[0003] Built cross stage deps: map[]                
[36mINFO[0m[0003] Retrieving image manifest openjdk:8-jdk-slim 
[36mINFO[0m[0003] Retrieving image manifest openjdk:8-jdk-slim 
[36mINFO[0m[0004] Executing 0 build triggers                   
[36mINFO[0m[0004] cmd: EXPOSE                                  
[36mINFO[0m[0004] Adding exposed port: 8080/tcp                
[36mINFO[0m[0004] Resolving srcs [pom.xml target/lib*]...      
[36mINFO[0m[0004] Checking for cached layer gcr.io/jenkins-x-bdd3/cache:ab0f990247c7b0bb1fbca08236a995477677c82e9c21a23934666349a59d52e0... 
[36mINFO[0m[0005] No cached layer found for cmd COPY pom.xml target/lib* /opt/lib/ 
[36mINFO[0m[0005] Resolving srcs [target/*.jar]...             
[36mINFO[0m[0005] Unpacking rootfs as cmd COPY pom.xml target/lib* /opt/lib/ requires it. 
[36mINFO[0m[0012] ENV PORT 8080                                
[36mINFO[0m[0012] No files changed in this command, skipping snapshotting. 
[36mINFO[0m[0012] ENV CLASSPATH /opt/lib                       
[36mINFO[0m[0012] No files changed in this command, skipping snapshotting. 
[36mINFO[0m[0012] EXPOSE 8080                                  
[36mINFO[0m[0012] cmd: EXPOSE                                  
[36mINFO[0m[0012] Adding exposed port: 8080/tcp                
[36mINFO[0m[0012] No files changed in this command, skipping snapshotting. 
[36mINFO[0m[0012] Resolving srcs [pom.xml target/lib*]...      
[36mINFO[0m[0012] COPY pom.xml target/lib* /opt/lib/           
[36mINFO[0m[0012] Resolving srcs [pom.xml target/lib*]...      
[36mINFO[0m[0012] Resolving 1 paths                            
[36mINFO[0m[0012] Taking snapshot of files...                  
[36mINFO[0m[0012] Pushing layer gcr.io/jenkins-x-bdd3/cache:ab0f990247c7b0bb1fbca08236a995477677c82e9c21a23934666349a59d52e0 to cache now 
[36mINFO[0m[0012] Resolving srcs [target/*.jar]...             
[36mINFO[0m[0012] COPY target/*.jar /opt/app.jar               
[36mINFO[0m[0012] Resolving srcs [target/*.jar]...             
[36mINFO[0m[0012] Resolving 1 paths                            
[36mINFO[0m[0012] Taking snapshot of files...                  
[36mINFO[0m[0013] Pushing layer gcr.io/jenkins-x-bdd3/cache:8fccb381c94fca459001f8ede1242a19d5d584c5eee724534228878f0fbe88d5 to cache now 
[36mINFO[0m[0013] WORKDIR /opt                                 
[36mINFO[0m[0013] cmd: workdir                                 
[36mINFO[0m[0013] Changed working directory to /opt            
[36mINFO[0m[0013] No files changed in this command, skipping snapshotting. 
[36mINFO[0m[0013] CMD ["java", "-XX:+UnlockExperimentalVMOptions", "-XX:+UseCGroupMemoryLimitForHeap", "-jar", "app.jar"] 
[36mINFO[0m[0013] No files changed in this command, skipping snapshotting. 

Showing logs for build [32mcb-kubecd-bdd-spring-1594003156-gqslm-1[0m stage [32mfrom-build-pack[0m and container [32mstep-postbuild-post-build[0m
no CVE provider running in the current ** namespace so skip adding image to be analysed

Showing logs for build [32mcb-kubecd-bdd-spring-1594003156-gqslm-1[0m stage [32mfrom-build-pack[0m and container [32mstep-promote-make-preview[0m
sed -i -e "s/version:.*/version: 0.0.0-SNAPSHOT-PR-1-1/" Chart.yaml
sed -i -e "s/version:.*/version: 0.0.0-SNAPSHOT-PR-1-1/" ../*/Chart.yaml
sed -i -e "s|repository:.*|repository: gcr.io\/jenkins-x-bdd3\/bdd-spring-1594003156|" values.yaml
sed -i -e "s/tag:.*/tag: 0.0.0-SNAPSHOT-PR-1-1/" values.yaml
echo "  version: 0.0.0-SNAPSHOT-PR-1-1" >> requirements.yaml
** step helm build
WARNING: No $CHART_REPOSITORY defined so using the default value of: http://jenkins-x-chartmuseum:8080
Adding missing Helm repo: storage.googleapis.com https://storage.googleapis.com/chartmuseum.jenkins-x.io
WARNING: No secrets found on "helm/repos" due: reading the secret "helm/repos" from vault: no secret "helm/repos" not found in vault
Read credentials for https://storage.googleapis.com/chartmuseum.jenkins-x.io from vault helm/repos
Successfully added Helm repository storage.googleapis.com.
Adding missing Helm repo: jenkins-x-chartmuseum http://jenkins-x-chartmuseum:8080
WARNING: No secrets found on "helm/repos" due: reading the secret "helm/repos" from vault: no secret "helm/repos" not found in vault
Read credentials for http://jenkins-x-chartmuseum:8080 from vault helm/repos
Successfully added Helm repository jenkins-x-chartmuseum.
WARNING: No $CHART_REPOSITORY defined so using the default value of: http://jenkins-x-chartmuseum:8080
Adding missing Helm repo: chartmuseum.jenkins-x.io http://chartmuseum.jenkins-x.io
WARNING: No secrets found on "helm/repos" due: reading the secret "helm/repos" from vault: no secret "helm/repos" not found in vault
Read credentials for http://chartmuseum.jenkins-x.io from vault helm/repos
Successfully added Helm repository chartmuseum.jenkins-x.io.

Showing logs for build [32mcb-kubecd-bdd-spring-1594003156-gqslm-1[0m stage [32mfrom-build-pack[0m and container [32mstep-promote-jx-preview[0m
Creating a preview
Created environment cb-kubecd-bdd-spring-1594003156-pr-1
Namespace **-cb-kubecd-bdd-spring-1594003156-pr-1 created 
expose:
  Annotations:
    helm.sh/hook: post-install,post-upgrade
    helm.sh/hook-delete-policy: hook-succeeded
  config:
    domain: c**du6.bdd.jenkins-x.rocks
    exposer: Ingress
    http: "true"
preview:
  image:
    repository: gcr.io/jenkins-x-bdd3/bdd-spring-1594003156
    tag: 0.0.0-SNAPSHOT-PR-1-1

Updating PipelineActivities cb-kubecd-bdd-spring-1594003156-pr-1-1 which has status Running
WARNING: preview application http://bdd-spring-1594003156.**-cb-kubecd-bdd-spring-1594003156-pr-1.c**du6.bdd.jenkins-x.rocks not available, error was Get http://bdd-spring-1594003156.**-cb-kubecd-bdd-spring-1594003156-pr-1.c**du6.bdd.jenkins-x.rocks: dial tcp: lookup bdd-spring-1594003156.**-cb-kubecd-bdd-spring-1594003156-pr-1.c**du6.bdd.jenkins-x.rocks on 10.7.240.10:53: no such host, delaying for: 844.315018ms
WARNING: preview application http://bdd-spring-1594003156.**-cb-kubecd-bdd-spring-1594003156-pr-1.c**du6.bdd.jenkins-x.rocks not available, error was Get http://bdd-spring-1594003156.**-cb-kubecd-bdd-spring-1594003156-pr-1.c**du6.bdd.jenkins-x.rocks: dial tcp: lookup bdd-spring-1594003156.**-cb-kubecd-bdd-spring-1594003156-pr-1.c**du6.bdd.jenkins-x.rocks on 10.7.240.10:53: no such host, delaying for: 917.511955ms
WARNING: preview application http://bdd-spring-1594003156.**-cb-kubecd-bdd-spring-1594003156-pr-1.c**du6.bdd.jenkins-x.rocks not available, error was Get http://bdd-spring-1594003156.**-cb-kubecd-bdd-spring-1594003156-pr-1.c**du6.bdd.jenkins-x.rocks: dial tcp: lookup bdd-spring-1594003156.**-cb-kubecd-bdd-spring-1594003156-pr-1.c**du6.bdd.jenkins-x.rocks on 10.7.240.10:53: no such host, delaying for: 1.826742471s
WARNING: preview application http://bdd-spring-1594003156.**-cb-kubecd-bdd-spring-1594003156-pr-1.c**du6.bdd.jenkins-x.rocks not available, error was Get http://bdd-spring-1594003156.**-cb-kubecd-bdd-spring-1594003156-pr-1.c**du6.bdd.jenkins-x.rocks: dial tcp: lookup bdd-spring-1594003156.**-cb-kubecd-bdd-spring-1594003156-pr-1.c**du6.bdd.jenkins-x.rocks on 10.7.240.10:53: no such host, delaying for: 3.134323451s
WARNING: preview application http://bdd-spring-1594003156.**-cb-kubecd-bdd-spring-1594003156-pr-1.c**du6.bdd.jenkins-x.rocks not available, error was Get http://bdd-spring-1594003156.**-cb-kubecd-bdd-spring-1594003156-pr-1.c**du6.bdd.jenkins-x.rocks: dial tcp: lookup bdd-spring-1594003156.**-cb-kubecd-bdd-spring-1594003156-pr-1.c**du6.bdd.jenkins-x.rocks on 10.7.240.10:53: no such host, delaying for: 6.821720078s
WARNING: preview application http://bdd-spring-1594003156.**-cb-kubecd-bdd-spring-1594003156-pr-1.c**du6.bdd.jenkins-x.rocks not available, error was Get http://bdd-spring-1594003156.**-cb-kubecd-bdd-spring-1594003156-pr-1.c**du6.bdd.jenkins-x.rocks: dial tcp: lookup bdd-spring-1594003156.**-cb-kubecd-bdd-spring-1594003156-pr-1.c**du6.bdd.jenkins-x.rocks on 10.7.240.10:53: no such host, delaying for: 11.377516753s
WARNING: preview application http://bdd-spring-1594003156.**-cb-kubecd-bdd-spring-1594003156-pr-1.c**du6.bdd.jenkins-x.rocks not available, error was Get http://bdd-spring-1594003156.**-cb-kubecd-bdd-spring-1594003156-pr-1.c**du6.bdd.jenkins-x.rocks: dial tcp: lookup bdd-spring-1594003156.**-cb-kubecd-bdd-spring-1594003156-pr-1.c**du6.bdd.jenkins-x.rocks on 10.7.240.10:53: no such host, delaying for: 10.448914671s
WARNING: preview application http://bdd-spring-1594003156.**-cb-kubecd-bdd-spring-1594003156-pr-1.c**du6.bdd.jenkins-x.rocks not available, error was Get http://bdd-spring-1594003156.**-cb-kubecd-bdd-spring-1594003156-pr-1.c**du6.bdd.jenkins-x.rocks: dial tcp: lookup bdd-spring-1594003156.**-cb-kubecd-bdd-spring-1594003156-pr-1.c**du6.bdd.jenkins-x.rocks on 10.7.240.10:53: no such host, delaying for: 19.803123248s
WARNING: preview application http://bdd-spring-1594003156.**-cb-kubecd-bdd-spring-1594003156-pr-1.c**du6.bdd.jenkins-x.rocks not available, error was Get http://bdd-spring-1594003156.**-cb-kubecd-bdd-spring-1594003156-pr-1.c**du6.bdd.jenkins-x.rocks: dial tcp: lookup bdd-spring-1594003156.**-cb-kubecd-bdd-spring-1594003156-pr-1.c**du6.bdd.jenkins-x.rocks on 10.7.240.10:53: no such host, delaying for: 29.299068822s
WARNING: preview application http://bdd-spring-1594003156.**-cb-kubecd-bdd-spring-1594003156-pr-1.c**du6.bdd.jenkins-x.rocks not available, error was Get http://bdd-spring-1594003156.**-cb-kubecd-bdd-spring-1594003156-pr-1.c**du6.bdd.jenkins-x.rocks: dial tcp: lookup bdd-spring-1594003156.**-cb-kubecd-bdd-spring-1594003156-pr-1.c**du6.bdd.jenkins-x.rocks on 10.7.240.10:53: no such host, delaying for: 21.289378072s
Preview application is now available at: http://bdd-spring-1594003156.**-cb-kubecd-bdd-spring-1594003156-pr-1.c**du6.bdd.jenkins-x.rocks
